<?xml version="1.0" encoding="UTF-8"?>
<!-- Generated by org.testng.reporters.JUnitReportReporter -->
<testsuite hostname="DESKTOP-9215FQE" failures="0" tests="1" name="apitestcases.GET_Request" time="3.885" errors="0" timestamp="2021-12-06T05:44:07 PST" skipped="0">
  <testcase classname="apitestcases.GET_Request" name="getuser" time="3.885"/>
  <system-out/>
</testsuite> <!-- apitestcases.GET_Request -->
